<?xml version="1.0" encoding="UTF-8"?>
<testng-results ignored="0" total="1" passed="1" failed="0" skipped="0">
  <reporter-output>
  </reporter-output>
  <suite started-at="2022-09-15T21:20:11 IST" name="Suite" finished-at="2022-09-15T21:20:24 IST" duration-ms="13146">
    <groups>
    </groups>
    <test started-at="2022-09-15T21:20:11 IST" name="Test" finished-at="2022-09-15T21:20:24 IST" duration-ms="13146">
      <class name="com.testClass.BasicDetailsTest">
        <test-method is-config="true" signature="initDriver(java.lang.String)[pri:0, instance:com.testClass.BasicDetailsTest@2f8dad04]" started-at="2022-09-15T21:20:11 IST" name="initDriver" finished-at="2022-09-15T21:20:21 IST" duration-ms="10150" status="PASS">
          <params>
            <param index="0">
              <value>
                <![CDATA[Chrome]]>
              </value>
            </param>
          </params>
          <reporter-output>
          </reporter-output>
        </test-method> <!-- initDriver -->
        <test-method signature="basicDetails()[pri:0, instance:com.testClass.BasicDetailsTest@2f8dad04]" started-at="2022-09-15T21:20:21 IST" name="basicDetails" finished-at="2022-09-15T21:20:24 IST" duration-ms="2215" status="PASS">
          <reporter-output>
          </reporter-output>
        </test-method> <!-- basicDetails -->
        <test-method is-config="true" signature="tearDown()[pri:0, instance:com.testClass.BasicDetailsTest@2f8dad04]" started-at="2022-09-15T21:20:24 IST" name="tearDown" finished-at="2022-09-15T21:20:24 IST" duration-ms="702" status="PASS">
          <reporter-output>
          </reporter-output>
        </test-method> <!-- tearDown -->
      </class> <!-- com.testClass.BasicDetailsTest -->
    </test> <!-- Test -->
  </suite> <!-- Suite -->
</testng-results>
